0 info it worked if it ends with ok
1 verbose cli [ '/usr/bin/node', '/usr/bin/npm', 'run', 'build' ]
2 info using npm@3.5.2
3 info using node@v8.10.0
4 verbose run-script [ 'prebuild', 'build', 'postbuild' ]
5 info lifecycle gradual-gravity-gauntlet@0.1.0~prebuild: gradual-gravity-gauntlet@0.1.0
6 verbose lifecycle gradual-gravity-gauntlet@0.1.0~prebuild: unsafe-perm in lifecycle true
7 verbose lifecycle gradual-gravity-gauntlet@0.1.0~prebuild: PATH: /usr/share/npm/bin/node-gyp-bin:/mnt/c/Users/lapto/Videos/cos426/Graphics-Final-Project/node_modules/.bin:/home/quanto/.local/bin:/home/quanto/.local/bin:/home/quanto/.local/bin:/usr/local/sbin:/usr/local/bin:/usr/sbin:/usr/bin:/sbin:/bin:/usr/games:/usr/local/games:/mnt/c/Program Files (x86)/Common Files/Intel/Shared Files/cpp/bin/Intel64:/mnt/c/Program Files (x86)/Common Files/Oracle/Java/javapath:/mnt/c/ProgramData/DockerDesktop/version-bin:/mnt/c/Program Files/Docker/Docker/Resources/bin:/mnt/c/Program Files/NVIDIA GPU Computing Toolkit/CUDA/v10.0/bin:/mnt/c/Program Files/NVIDIA GPU Computing Toolkit/CUDA/v10.0/libnvvp:/mnt/c/Program Files (x86)/Common Files/Intel/Shared Libraries/redist/intel64/compiler:/mnt/c/Windows/system32:/mnt/c/Windows:/mnt/c/Windows/System32/Wbem:/mnt/c/Windows/System32/WindowsPowerShell/v1.0/:/mnt/c/Windows/System32/OpenSSH/:/mnt/c/Program Files (x86)/NVIDIA Corporation/PhysX/Common:/mnt/c/Program Files (x86)/Calibre2/:/mnt/c/Program Files (x86)/Intel/Intel(R) Management Engine Components/DAL:/mnt/c/Program Files/Intel/Intel(R) Management Engine Components/DAL:/mnt/c/Program Files/nodejs/:/mnt/c/Program Files/Git/cmd:/mnt/c/Strawberry/c/bin:/mnt/c/Strawberry/perl/site/bin:/mnt/c/Strawberry/perl/bin:/mnt/c/Program Files (x86)/Common Files/Propellerhead Software/ReWire/:/mnt/c/Program Files/Common Files/Propellerhead Software/ReWire/:/mnt/c/Program Files (x86)/Common Files/Intel/Shared Files/cpp/bin/Intel64:/mnt/c/Program Files (x86)/Common Files/Oracle/Java/javapath:/mnt/c/ProgramData/DockerDesktop/version-bin:/mnt/c/Program Files/Docker/Docker/Resources/bin:/mnt/c/Program Files/NVIDIA GPU Computing Toolkit/CUDA/v10.0/bin:/mnt/c/Program Files/NVIDIA GPU Computing Toolkit/CUDA/v10.0/libnvvp:/mnt/c/Program Files (x86)/Common Files/Intel/Shared Libraries/redist/intel64/compiler:/mnt/c/Windows/system32:/mnt/c/Windows:/mnt/c/Windows/System32/Wbem:/mnt/c/Windows/System32/WindowsPowerShell/v1.0/:/mnt/c/Windows/System32/OpenSSH/:/mnt/c/Program Files (x86)/NVIDIA Corporation/PhysX/Common:/mnt/c/Program Files (x86)/Calibre2/:/mnt/c/Program Files (x86)/Intel/Intel(R) Management Engine Components/DAL:/mnt/c/Program Files/Intel/Intel(R) Management Engine Components/DAL:/mnt/c/Program Files/nodejs/:/mnt/c/Program Files/Git/cmd:/mnt/c/Strawberry/c/bin:/mnt/c/Strawberry/perl/site/bin:/mnt/c/Strawberry/perl/bin:/mnt/c/Program Files (x86)/Common Files/Propellerhead Software/ReWire/:/mnt/c/Program Files/Common Files/Propellerhead Software/ReWire/:/mnt/c/Users/lapto/AppData/Roaming/Python/Python37/Scripts:/mnt/c/Users/lapto/AppData/Local/Programs/Python/Python37:/mnt/c/Program Files/JetBrains/PyCharm 2019.1.3/bin:/mnt/c/Users/lapto/AppData/Local/Programs/Python/Python37/Scripts:/mnt/c/Program Files/NVIDIA GPU Computing Toolkit/CUDA/v10.0/bin:/mnt/c/Program Files/NVIDIA GPU Computing Toolkit/CUDA/v10.0/extras/CUPTI/libx64:/mnt/c/Program Files/NVIDIA GPU Computing Toolkit/CUDA/v10.0/include:/mnt/c/Program Files/NVIDIA GPU Computing Toolkit/CUDA/v10.0/lib/x64:/mnt/c/Users/lapto/AppData/Local/Programs/Microsoft VS Code/bin:/mnt/c/Users/lapto/AppData/Roaming/npm:/mnt/c/Users/lapto/AppData/Local/Programs/MiKTeX 2.9/miktex/bin/x64/:/snap/bin
8 verbose lifecycle gradual-gravity-gauntlet@0.1.0~prebuild: CWD: /mnt/c/Users/lapto/Videos/cos426/Graphics-Final-Project
9 silly lifecycle gradual-gravity-gauntlet@0.1.0~prebuild: Args: [ '-c', 'rimraf ./build && mkdirp ./build' ]
10 info lifecycle gradual-gravity-gauntlet@0.1.0~prebuild: Failed to exec prebuild script
11 verbose stack Error: gradual-gravity-gauntlet@0.1.0 prebuild: `rimraf ./build && mkdirp ./build`
11 verbose stack spawn ENOENT
11 verbose stack     at ChildProcess.<anonymous> (/usr/share/npm/lib/utils/spawn.js:17:16)
11 verbose stack     at emitTwo (events.js:126:13)
11 verbose stack     at ChildProcess.emit (events.js:214:7)
11 verbose stack     at maybeClose (internal/child_process.js:925:16)
11 verbose stack     at Process.ChildProcess._handle.onexit (internal/child_process.js:209:5)
12 verbose pkgid gradual-gravity-gauntlet@0.1.0
13 verbose cwd /mnt/c/Users/lapto/Videos/cos426/Graphics-Final-Project
14 error Linux 4.4.0-18362-Microsoft
15 error argv "/usr/bin/node" "/usr/bin/npm" "run" "build"
16 error node v8.10.0
17 error npm  v3.5.2
18 error file sh
19 error code ELIFECYCLE
20 error errno ENOENT
21 error syscall spawn
22 error gradual-gravity-gauntlet@0.1.0 prebuild: `rimraf ./build && mkdirp ./build`
22 error spawn ENOENT
23 error Failed at the gradual-gravity-gauntlet@0.1.0 prebuild script 'rimraf ./build && mkdirp ./build'.
23 error Make sure you have the latest version of node.js and npm installed.
23 error If you do, this is most likely a problem with the gradual-gravity-gauntlet package,
23 error not with npm itself.
23 error Tell the author that this fails on your system:
23 error     rimraf ./build && mkdirp ./build
23 error You can get information on how to open an issue for this project with:
23 error     npm bugs gradual-gravity-gauntlet
23 error Or if that isn't available, you can get their info via:
23 error     npm owner ls gradual-gravity-gauntlet
23 error There is likely additional logging output above.
24 verbose exit [ 1, true ]
